<?xml version="1.0" encoding="UTF-8"?>
<testng-results skipped="0" failed="1" ignored="0" total="1" passed="0">
  <reporter-output>
  </reporter-output>
  <suite name="Default suite" duration-ms="18671" started-at="2019-08-28T14:07:01Z" finished-at="2019-08-28T14:07:20Z">
    <groups>
    </groups>
    <test name="Default test" duration-ms="18671" started-at="2019-08-28T14:07:01Z" finished-at="2019-08-28T14:07:20Z">
      <class name="com.atmecs.toolsqademosite.testscript.ShopHomePageProductValidation">
        <test-method status="PASS" signature="openBrowser()[pri:0, instance:com.atmecs.toolsqademosite.testscript.ShopHomePageProductValidation@1a968a59]" name="openBrowser" is-config="true" duration-ms="8847" started-at="2019-08-28T14:07:01Z" finished-at="2019-08-28T14:07:10Z">
          <reporter-output>
          </reporter-output>
        </test-method> <!-- openBrowser -->
        <test-method status="FAIL" signature="shophmpg_productvalidation()[pri:0, instance:com.atmecs.toolsqademosite.testscript.ShopHomePageProductValidation@1a968a59]" name="shophmpg_productvalidation" duration-ms="8869" started-at="2019-08-28T14:07:10Z" finished-at="2019-08-28T14:07:19Z">
          <exception class="org.openqa.selenium.NoSuchElementException">
            <message>
              <![CDATA[Cannot locate an element using xpath=(//tbody//td[5]/span)[1]
For documentation on this error, please visit: https://www.seleniumhq.org/exceptions/no_such_element.html
Build info: version: '3.141.59', revision: 'e82be7d358', time: '2018-11-14T08:17:03'
System info: host: 'ATMECSINDT-068', ip: '192.168.163.2', os.name: 'Windows 10', os.arch: 'amd64', os.version: '10.0', java.version: '1.8.0_211'
Driver info: driver.version: RemoteWebDriver]]>
            </message>
            <full-stacktrace>
              <![CDATA[org.openqa.selenium.NoSuchElementException: Cannot locate an element using xpath=(//tbody//td[5]/span)[1]
For documentation on this error, please visit: https://www.seleniumhq.org/exceptions/no_such_element.html
Build info: version: '3.141.59', revision: 'e82be7d358', time: '2018-11-14T08:17:03'
System info: host: 'ATMECSINDT-068', ip: '192.168.163.2', os.name: 'Windows 10', os.arch: 'amd64', os.version: '10.0', java.version: '1.8.0_211'
Driver info: driver.version: RemoteWebDriver
at org.openqa.selenium.remote.RemoteWebDriver.findElement(RemoteWebDriver.java:327)
at org.openqa.selenium.remote.RemoteWebDriver.findElementByXPath(RemoteWebDriver.java:428)
at org.openqa.selenium.By$ByXPath.findElement(By.java:353)
at org.openqa.selenium.remote.RemoteWebDriver.findElement(RemoteWebDriver.java:315)
at com.atmecs.toolsqademosite.testscript.ShopHomePageProductValidation.shophmpg_productvalidation(ShopHomePageProductValidation.java:37)
at sun.reflect.NativeMethodAccessorImpl.invoke0(Native Method)
at sun.reflect.NativeMethodAccessorImpl.invoke(Unknown Source)
at sun.reflect.DelegatingMethodAccessorImpl.invoke(Unknown Source)
at java.lang.reflect.Method.invoke(Unknown Source)
at org.testng.internal.MethodInvocationHelper.invokeMethod(MethodInvocationHelper.java:124)
at org.testng.internal.Invoker.invokeMethod(Invoker.java:583)
at org.testng.internal.Invoker.invokeTestMethod(Invoker.java:719)
at org.testng.internal.Invoker.invokeTestMethods(Invoker.java:989)
at org.testng.internal.TestMethodWorker.invokeTestMethods(TestMethodWorker.java:125)
at org.testng.internal.TestMethodWorker.run(TestMethodWorker.java:109)
at org.testng.TestRunner.privateRun(TestRunner.java:648)
at org.testng.TestRunner.run(TestRunner.java:505)
at org.testng.SuiteRunner.runTest(SuiteRunner.java:455)
at org.testng.SuiteRunner.runSequentially(SuiteRunner.java:450)
at org.testng.SuiteRunner.privateRun(SuiteRunner.java:415)
at org.testng.SuiteRunner.run(SuiteRunner.java:364)
at org.testng.SuiteRunnerWorker.runSuite(SuiteRunnerWorker.java:52)
at org.testng.SuiteRunnerWorker.run(SuiteRunnerWorker.java:84)
at org.testng.TestNG.runSuitesSequentially(TestNG.java:1208)
at org.testng.TestNG.runSuitesLocally(TestNG.java:1137)
at org.testng.TestNG.runSuites(TestNG.java:1049)
at org.testng.TestNG.run(TestNG.java:1017)
at org.testng.remote.AbstractRemoteTestNG.run(AbstractRemoteTestNG.java:115)
at org.testng.remote.RemoteTestNG.initAndRun(RemoteTestNG.java:251)
at org.testng.remote.RemoteTestNG.main(RemoteTestNG.java:77)
]]>
            </full-stacktrace>
          </exception> <!-- org.openqa.selenium.NoSuchElementException -->
          <reporter-output>
          </reporter-output>
        </test-method> <!-- shophmpg_productvalidation -->
        <test-method status="PASS" signature="quitBrowser()[pri:0, instance:com.atmecs.toolsqademosite.testscript.ShopHomePageProductValidation@1a968a59]" name="quitBrowser" is-config="true" duration-ms="890" started-at="2019-08-28T14:07:19Z" finished-at="2019-08-28T14:07:20Z">
          <reporter-output>
          </reporter-output>
        </test-method> <!-- quitBrowser -->
      </class> <!-- com.atmecs.toolsqademosite.testscript.ShopHomePageProductValidation -->
    </test> <!-- Default test -->
  </suite> <!-- Default suite -->
</testng-results>
