<?xml version="1.0" encoding="UTF-8"?>
<!-- Generated by org.testng.reporters.JUnitXMLReporter -->
<testsuite hostname="ATMECSINDT-068" ignored="0" name="Test" tests="3" failures="0" timestamp="28 Aug 2019 14:22:45 GMT" time="51.089" errors="0">
  <testcase name="shopthirdpageProductlistvalidation" time="14.155" classname="com.atmecs.toolsqademosite.testscript.ShopThirdPageProductListValidation"/>
  <testcase name="shophmpg_productvalidation" time="4.107" classname="com.atmecs.toolsqademosite.testscript.ShopHomePageProductValidation"/>
  <testcase name="shopthirdpgvalidation" time="5.987" classname="com.atmecs.toolsqademosite.testscript.ShopThirdPageValidation"/>
</testsuite> <!-- Test -->
