<?xml version="1.0" encoding="UTF-8"?>
<testng-results skipped="0" failed="0" ignored="0" total="3" passed="3">
  <reporter-output>
  </reporter-output>
  <suite name="Suite" duration-ms="51089" started-at="2019-08-28T14:21:53Z" finished-at="2019-08-28T14:22:45Z">
    <groups>
    </groups>
    <test name="Test" duration-ms="51089" started-at="2019-08-28T14:21:53Z" finished-at="2019-08-28T14:22:45Z">
      <class name="com.atmecs.toolsqademosite.testscript.ShopThirdPageValidation">
        <test-method status="PASS" signature="openBrowser()[pri:0, instance:com.atmecs.toolsqademosite.testscript.ShopThirdPageValidation@17f6480]" name="openBrowser" is-config="true" duration-ms="7519" started-at="2019-08-28T14:22:30Z" finished-at="2019-08-28T14:22:38Z">
          <reporter-output>
          </reporter-output>
        </test-method> <!-- openBrowser -->
        <test-method status="PASS" signature="shopthirdpgvalidation()[pri:0, instance:com.atmecs.toolsqademosite.testscript.ShopThirdPageValidation@17f6480]" name="shopthirdpgvalidation" duration-ms="5987" started-at="2019-08-28T14:22:38Z" finished-at="2019-08-28T14:22:44Z">
          <reporter-output>
          </reporter-output>
        </test-method> <!-- shopthirdpgvalidation -->
        <test-method status="PASS" signature="quitBrowser()[pri:0, instance:com.atmecs.toolsqademosite.testscript.ShopThirdPageValidation@17f6480]" name="quitBrowser" is-config="true" duration-ms="1015" started-at="2019-08-28T14:22:44Z" finished-at="2019-08-28T14:22:45Z">
          <reporter-output>
          </reporter-output>
        </test-method> <!-- quitBrowser -->
      </class> <!-- com.atmecs.toolsqademosite.testscript.ShopThirdPageValidation -->
      <class name="com.atmecs.toolsqademosite.testscript.ShopHomePageProductValidation">
        <test-method status="PASS" signature="openBrowser()[pri:0, instance:com.atmecs.toolsqademosite.testscript.ShopHomePageProductValidation@6fadae5d]" name="openBrowser" is-config="true" duration-ms="7477" started-at="2019-08-28T14:22:17Z" finished-at="2019-08-28T14:22:25Z">
          <reporter-output>
          </reporter-output>
        </test-method> <!-- openBrowser -->
        <test-method status="PASS" signature="shophmpg_productvalidation()[pri:0, instance:com.atmecs.toolsqademosite.testscript.ShopHomePageProductValidation@6fadae5d]" name="shophmpg_productvalidation" duration-ms="4107" started-at="2019-08-28T14:22:25Z" finished-at="2019-08-28T14:22:29Z">
          <reporter-output>
          </reporter-output>
        </test-method> <!-- shophmpg_productvalidation -->
        <test-method status="PASS" signature="quitBrowser()[pri:0, instance:com.atmecs.toolsqademosite.testscript.ShopHomePageProductValidation@6fadae5d]" name="quitBrowser" is-config="true" duration-ms="1029" started-at="2019-08-28T14:22:29Z" finished-at="2019-08-28T14:22:30Z">
          <reporter-output>
          </reporter-output>
        </test-method> <!-- quitBrowser -->
      </class> <!-- com.atmecs.toolsqademosite.testscript.ShopHomePageProductValidation -->
      <class name="com.atmecs.toolsqademosite.testscript.ShopThirdPageProductListValidation">
        <test-method status="PASS" signature="openBrowser()[pri:0, instance:com.atmecs.toolsqademosite.testscript.ShopThirdPageProductListValidation@71be98f5]" name="openBrowser" is-config="true" duration-ms="8771" started-at="2019-08-28T14:21:54Z" finished-at="2019-08-28T14:22:02Z">
          <reporter-output>
          </reporter-output>
        </test-method> <!-- openBrowser -->
        <test-method status="PASS" signature="shopthirdpageProductlistvalidation()[pri:0, instance:com.atmecs.toolsqademosite.testscript.ShopThirdPageProductListValidation@71be98f5]" name="shopthirdpageProductlistvalidation" duration-ms="14155" started-at="2019-08-28T14:22:02Z" finished-at="2019-08-28T14:22:16Z">
          <reporter-output>
          </reporter-output>
        </test-method> <!-- shopthirdpageProductlistvalidation -->
        <test-method status="PASS" signature="quitBrowser()[pri:0, instance:com.atmecs.toolsqademosite.testscript.ShopThirdPageProductListValidation@71be98f5]" name="quitBrowser" is-config="true" duration-ms="995" started-at="2019-08-28T14:22:16Z" finished-at="2019-08-28T14:22:17Z">
          <reporter-output>
          </reporter-output>
        </test-method> <!-- quitBrowser -->
      </class> <!-- com.atmecs.toolsqademosite.testscript.ShopThirdPageProductListValidation -->
    </test> <!-- Test -->
  </suite> <!-- Suite -->
</testng-results>
